# Logfile created on 2014-01-01 08:54:14 -0800 by logger.rb/1.2.8
I, [2014-01-01T08:54:15.688312 #63913]  INFO -- : get https://toggl.com/reports/api/v2/summary?workspace_id=73540&user_agent=toggl-reports
D, [2014-01-01T08:54:15.688418 #63913] DEBUG -- request: Content-Type: "application/json"
User-Agent: "Faraday v0.8.8"
I, [2014-01-01T08:54:15.688462 #63913]  INFO -- Status: 401
D, [2014-01-01T08:54:15.688497 #63913] DEBUG -- response: server: "nginx/1.4.4"
date: "Wed, 01 Jan 2014 16:54:15 GMT"
content-type: "application/json"
content-length: "129"
connection: "close"
I, [2014-01-01T09:00:46.218672 #64172]  INFO -- : get https://toggl.com/reports/api/v2/summary?workspace_id=73540&user_agent=toggl-reports
D, [2014-01-01T09:00:46.219318 #64172] DEBUG -- request: Content-Type: "application/json"
User-Agent: "Faraday v0.8.8"
I, [2014-01-01T09:00:46.219411 #64172]  INFO -- Status: 401
D, [2014-01-01T09:00:46.219478 #64172] DEBUG -- response: server: "nginx/1.4.4"
date: "Wed, 01 Jan 2014 17:00:46 GMT"
content-type: "application/json"
content-length: "129"
connection: "close"
I, [2014-01-01T09:03:37.147084 #64385]  INFO -- : get https://toggl.com/reports/api/v2/summary?workspace_id=73540&user_agent=toggl-reports
D, [2014-01-01T09:03:37.147611 #64385] DEBUG -- request: Content-Type: "application/json"
Authorization: "Basic NDU1MDVmMjY5Mjk2MzRjZjljYTg5NGVjZTMzMDYxMjc6YXBpX3Rva2Vu"
User-Agent: "Faraday v0.8.8"
I, [2014-01-01T09:03:37.147737 #64385]  INFO -- Status: 200
D, [2014-01-01T09:03:37.147887 #64385] DEBUG -- response: server: "nginx/1.4.4"
date: "Wed, 01 Jan 2014 17:03:36 GMT"
content-type: "application/json"
transfer-encoding: "chunked"
connection: "close"
vary: "Accept-Encoding"
access-control-allow-methods: "GET, OPTIONS"
access-control-allow-headers: "Content-Type, Depth, User-Agent, X-File-Size, X-Requested-With, If-Modified-Since, X-File-Name, Cache-Control, Authorization, Accept, Accept-Encoding, Accept-Language, Access-Control-Request-Headers, Access-Control-Request-Method, Connection, Host, Origin, User-Agent"
access-control-allow-credentials: "true"
I, [2014-01-01T09:04:08.052812 #64402]  INFO -- : get https://toggl.com/reports/api/v2/summary?workspace_id=73540&user_agent=toggl-reports
D, [2014-01-01T09:04:08.057794 #64402] DEBUG -- request: Content-Type: "application/json"
Authorization: "Basic NDU1MDVmMjY5Mjk2MzRjZjljYTg5NGVjZTMzMDYxMjc6YXBpX3Rva2Vu"
User-Agent: "Faraday v0.8.8"
I, [2014-01-01T09:04:08.058388 #64402]  INFO -- Status: 200
D, [2014-01-01T09:04:08.058488 #64402] DEBUG -- response: server: "nginx/1.4.4"
date: "Wed, 01 Jan 2014 17:04:07 GMT"
content-type: "application/json"
transfer-encoding: "chunked"
connection: "close"
vary: "Accept-Encoding"
access-control-allow-methods: "GET, OPTIONS"
access-control-allow-headers: "Content-Type, Depth, User-Agent, X-File-Size, X-Requested-With, If-Modified-Since, X-File-Name, Cache-Control, Authorization, Accept, Accept-Encoding, Accept-Language, Access-Control-Request-Headers, Access-Control-Request-Method, Connection, Host, Origin, User-Agent"
access-control-allow-credentials: "true"
I, [2014-01-01T09:04:26.412136 #64413]  INFO -- : get https://toggl.com/reports/api/v2/summary?workspace_id=73540&user_agent=toggl-reports
D, [2014-01-01T09:04:26.412814 #64413] DEBUG -- request: Content-Type: "application/json"
Authorization: "Basic NDU1MDVmMjY5Mjk2MzRjZjljYTg5NGVjZTMzMDYxMjc6YXBpX3Rva2Vu"
User-Agent: "Faraday v0.8.8"
I, [2014-01-01T09:04:26.412908 #64413]  INFO -- Status: 200
D, [2014-01-01T09:04:26.413009 #64413] DEBUG -- response: server: "nginx/1.4.4"
date: "Wed, 01 Jan 2014 17:04:26 GMT"
content-type: "application/json"
transfer-encoding: "chunked"
connection: "close"
vary: "Accept-Encoding"
access-control-allow-methods: "GET, OPTIONS"
access-control-allow-headers: "Content-Type, Depth, User-Agent, X-File-Size, X-Requested-With, If-Modified-Since, X-File-Name, Cache-Control, Authorization, Accept, Accept-Encoding, Accept-Language, Access-Control-Request-Headers, Access-Control-Request-Method, Connection, Host, Origin, User-Agent"
access-control-allow-credentials: "true"
I, [2014-01-01T09:05:43.634586 #64444]  INFO -- : get https://toggl.com/reports/api/v2/summary?workspace_id=73540&user_agent=toggl-reports&since&until
D, [2014-01-01T09:05:43.635525 #64444] DEBUG -- request: Content-Type: "application/json"
Authorization: "Basic NDU1MDVmMjY5Mjk2MzRjZjljYTg5NGVjZTMzMDYxMjc6YXBpX3Rva2Vu"
User-Agent: "Faraday v0.8.8"
I, [2014-01-01T09:05:43.635633 #64444]  INFO -- Status: 200
D, [2014-01-01T09:05:43.635722 #64444] DEBUG -- response: server: "nginx/1.4.4"
date: "Wed, 01 Jan 2014 17:05:43 GMT"
content-type: "application/json"
transfer-encoding: "chunked"
connection: "close"
vary: "Accept-Encoding"
access-control-allow-methods: "GET, OPTIONS"
access-control-allow-headers: "Content-Type, Depth, User-Agent, X-File-Size, X-Requested-With, If-Modified-Since, X-File-Name, Cache-Control, Authorization, Accept, Accept-Encoding, Accept-Language, Access-Control-Request-Headers, Access-Control-Request-Method, Connection, Host, Origin, User-Agent"
access-control-allow-credentials: "true"
I, [2014-01-01T09:07:50.427194 #64502]  INFO -- : get https://toggl.com/reports/api/v2/summary?workspace_id=73540&user_agent=toggl-reports&since=2013-12-01&until=2013-12-31
D, [2014-01-01T09:07:50.428227 #64502] DEBUG -- request: Content-Type: "application/json"
Authorization: "Basic NDU1MDVmMjY5Mjk2MzRjZjljYTg5NGVjZTMzMDYxMjc6YXBpX3Rva2Vu"
User-Agent: "Faraday v0.8.8"
I, [2014-01-01T09:07:50.428359 #64502]  INFO -- Status: 200
D, [2014-01-01T09:07:50.428522 #64502] DEBUG -- response: server: "nginx/1.4.4"
date: "Wed, 01 Jan 2014 17:07:50 GMT"
content-type: "application/json"
transfer-encoding: "chunked"
connection: "close"
vary: "Accept-Encoding"
access-control-allow-methods: "GET, OPTIONS"
access-control-allow-headers: "Content-Type, Depth, User-Agent, X-File-Size, X-Requested-With, If-Modified-Since, X-File-Name, Cache-Control, Authorization, Accept, Accept-Encoding, Accept-Language, Access-Control-Request-Headers, Access-Control-Request-Method, Connection, Host, Origin, User-Agent"
access-control-allow-credentials: "true"
I, [2014-01-01T09:08:23.960503 #64518]  INFO -- : get https://toggl.com/reports/api/v2/summary?workspace_id=73540&user_agent=toggl-reports&since=2013-12-01&until=2013-12-31
D, [2014-01-01T09:08:23.960945 #64518] DEBUG -- request: Content-Type: "application/json"
Authorization: "Basic NDU1MDVmMjY5Mjk2MzRjZjljYTg5NGVjZTMzMDYxMjc6YXBpX3Rva2Vu"
User-Agent: "Faraday v0.8.8"
I, [2014-01-01T09:08:23.961004 #64518]  INFO -- Status: 200
D, [2014-01-01T09:08:23.961063 #64518] DEBUG -- response: server: "nginx/1.4.4"
date: "Wed, 01 Jan 2014 17:08:23 GMT"
content-type: "application/json"
transfer-encoding: "chunked"
connection: "close"
vary: "Accept-Encoding"
access-control-allow-methods: "GET, OPTIONS"
access-control-allow-headers: "Content-Type, Depth, User-Agent, X-File-Size, X-Requested-With, If-Modified-Since, X-File-Name, Cache-Control, Authorization, Accept, Accept-Encoding, Accept-Language, Access-Control-Request-Headers, Access-Control-Request-Method, Connection, Host, Origin, User-Agent"
access-control-allow-credentials: "true"
I, [2014-01-01T09:08:39.787497 #64530]  INFO -- : get https://toggl.com/reports/api/v2/summary?workspace_id=73540&user_agent=toggl-reports&since=2013-12-01&until=2013-12-31
D, [2014-01-01T09:08:39.788487 #64530] DEBUG -- request: Content-Type: "application/json"
Authorization: "Basic NDU1MDVmMjY5Mjk2MzRjZjljYTg5NGVjZTMzMDYxMjc6YXBpX3Rva2Vu"
User-Agent: "Faraday v0.8.8"
I, [2014-01-01T09:08:39.788578 #64530]  INFO -- Status: 200
D, [2014-01-01T09:08:39.788669 #64530] DEBUG -- response: server: "nginx/1.4.4"
date: "Wed, 01 Jan 2014 17:08:39 GMT"
content-type: "application/json"
transfer-encoding: "chunked"
connection: "close"
vary: "Accept-Encoding"
access-control-allow-methods: "GET, OPTIONS"
access-control-allow-headers: "Content-Type, Depth, User-Agent, X-File-Size, X-Requested-With, If-Modified-Since, X-File-Name, Cache-Control, Authorization, Accept, Accept-Encoding, Accept-Language, Access-Control-Request-Headers, Access-Control-Request-Method, Connection, Host, Origin, User-Agent"
access-control-allow-credentials: "true"
I, [2014-01-01T09:08:49.066907 #64537]  INFO -- : get https://toggl.com/reports/api/v2/summary?workspace_id=73540&user_agent=toggl-reports&since=2013-12-01&until=2013-12-31
D, [2014-01-01T09:08:49.067348 #64537] DEBUG -- request: Content-Type: "application/json"
Authorization: "Basic NDU1MDVmMjY5Mjk2MzRjZjljYTg5NGVjZTMzMDYxMjc6YXBpX3Rva2Vu"
User-Agent: "Faraday v0.8.8"
I, [2014-01-01T09:08:49.067437 #64537]  INFO -- Status: 200
D, [2014-01-01T09:08:49.067531 #64537] DEBUG -- response: server: "nginx/1.4.4"
date: "Wed, 01 Jan 2014 17:08:48 GMT"
content-type: "application/json"
transfer-encoding: "chunked"
connection: "close"
vary: "Accept-Encoding"
access-control-allow-methods: "GET, OPTIONS"
access-control-allow-headers: "Content-Type, Depth, User-Agent, X-File-Size, X-Requested-With, If-Modified-Since, X-File-Name, Cache-Control, Authorization, Accept, Accept-Encoding, Accept-Language, Access-Control-Request-Headers, Access-Control-Request-Method, Connection, Host, Origin, User-Agent"
access-control-allow-credentials: "true"
I, [2014-01-01T09:09:34.215767 #64595]  INFO -- : get https://toggl.com/reports/api/v2/summary?workspace_id=73540&user_agent=toggl-reports&since=2013-12-01&until=2013-12-31
D, [2014-01-01T09:09:34.216475 #64595] DEBUG -- request: Content-Type: "application/json"
Authorization: "Basic NDU1MDVmMjY5Mjk2MzRjZjljYTg5NGVjZTMzMDYxMjc6YXBpX3Rva2Vu"
User-Agent: "Faraday v0.8.8"
I, [2014-01-01T09:09:34.216663 #64595]  INFO -- Status: 200
D, [2014-01-01T09:09:34.216877 #64595] DEBUG -- response: server: "nginx/1.4.4"
date: "Wed, 01 Jan 2014 17:09:34 GMT"
content-type: "application/json"
transfer-encoding: "chunked"
connection: "close"
vary: "Accept-Encoding"
access-control-allow-methods: "GET, OPTIONS"
access-control-allow-headers: "Content-Type, Depth, User-Agent, X-File-Size, X-Requested-With, If-Modified-Since, X-File-Name, Cache-Control, Authorization, Accept, Accept-Encoding, Accept-Language, Access-Control-Request-Headers, Access-Control-Request-Method, Connection, Host, Origin, User-Agent"
access-control-allow-credentials: "true"
I, [2014-01-01T09:56:18.768167 #65862]  INFO -- : get https://toggl.com/reports/api/v2/summary?workspace_id=73540&user_agent=toggl-reports&since=2013-12-01&until=2013-12-31
D, [2014-01-01T09:56:18.768640 #65862] DEBUG -- request: Content-Type: "application/json"
Authorization: "Basic NDU1MDVmMjY5Mjk2MzRjZjljYTg5NGVjZTMzMDYxMjc6YXBpX3Rva2Vu"
User-Agent: "Faraday v0.8.8"
I, [2014-01-01T09:56:18.768726 #65862]  INFO -- Status: 200
D, [2014-01-01T09:56:18.768818 #65862] DEBUG -- response: server: "nginx/1.4.4"
date: "Wed, 01 Jan 2014 17:56:18 GMT"
content-type: "application/json"
transfer-encoding: "chunked"
connection: "close"
vary: "Accept-Encoding"
access-control-allow-methods: "GET, OPTIONS"
access-control-allow-headers: "Content-Type, Depth, User-Agent, X-File-Size, X-Requested-With, If-Modified-Since, X-File-Name, Cache-Control, Authorization, Accept, Accept-Encoding, Accept-Language, Access-Control-Request-Headers, Access-Control-Request-Method, Connection, Host, Origin, User-Agent"
access-control-allow-credentials: "true"
I, [2014-01-01T09:56:43.533789 #65886]  INFO -- : get https://toggl.com/reports/api/v2/summary?workspace_id=73540&user_agent=toggl-reports&since=2013-12-01&until=2013-12-31
D, [2014-01-01T09:56:43.534410 #65886] DEBUG -- request: Content-Type: "application/json"
Authorization: "Basic NDU1MDVmMjY5Mjk2MzRjZjljYTg5NGVjZTMzMDYxMjc6YXBpX3Rva2Vu"
User-Agent: "Faraday v0.8.8"
I, [2014-01-01T09:56:43.534563 #65886]  INFO -- Status: 200
D, [2014-01-01T09:56:43.534733 #65886] DEBUG -- response: server: "nginx/1.4.4"
date: "Wed, 01 Jan 2014 17:56:43 GMT"
content-type: "application/json"
transfer-encoding: "chunked"
connection: "close"
vary: "Accept-Encoding"
access-control-allow-methods: "GET, OPTIONS"
access-control-allow-headers: "Content-Type, Depth, User-Agent, X-File-Size, X-Requested-With, If-Modified-Since, X-File-Name, Cache-Control, Authorization, Accept, Accept-Encoding, Accept-Language, Access-Control-Request-Headers, Access-Control-Request-Method, Connection, Host, Origin, User-Agent"
access-control-allow-credentials: "true"
I, [2014-01-01T09:58:02.580133 #65928]  INFO -- : get https://toggl.com/reports/api/v2/summary?workspace_id=73540&user_agent=toggl-reports&since=2013-12-01&until=2013-12-31
D, [2014-01-01T09:58:02.581133 #65928] DEBUG -- request: Content-Type: "application/json"
Authorization: "Basic NDU1MDVmMjY5Mjk2MzRjZjljYTg5NGVjZTMzMDYxMjc6YXBpX3Rva2Vu"
User-Agent: "Faraday v0.8.8"
I, [2014-01-01T09:58:02.581289 #65928]  INFO -- Status: 200
D, [2014-01-01T09:58:02.581517 #65928] DEBUG -- response: server: "nginx/1.4.4"
date: "Wed, 01 Jan 2014 17:58:02 GMT"
content-type: "application/json"
transfer-encoding: "chunked"
connection: "close"
vary: "Accept-Encoding"
access-control-allow-methods: "GET, OPTIONS"
access-control-allow-headers: "Content-Type, Depth, User-Agent, X-File-Size, X-Requested-With, If-Modified-Since, X-File-Name, Cache-Control, Authorization, Accept, Accept-Encoding, Accept-Language, Access-Control-Request-Headers, Access-Control-Request-Method, Connection, Host, Origin, User-Agent"
access-control-allow-credentials: "true"
I, [2014-01-01T09:58:20.549929 #65928]  INFO -- : get https://toggl.com/reports/api/v2/summary?workspace_id=73540&user_agent=toggl-reports&since=2013-12-01&until=2013-12-31
D, [2014-01-01T09:58:20.550987 #65928] DEBUG -- request: Content-Type: "application/json"
Authorization: "Basic NDU1MDVmMjY5Mjk2MzRjZjljYTg5NGVjZTMzMDYxMjc6YXBpX3Rva2Vu"
User-Agent: "Faraday v0.8.8"
I, [2014-01-01T09:58:20.551125 #65928]  INFO -- Status: 200
D, [2014-01-01T09:58:20.551254 #65928] DEBUG -- response: server: "nginx/1.4.4"
date: "Wed, 01 Jan 2014 17:58:20 GMT"
content-type: "application/json"
transfer-encoding: "chunked"
connection: "close"
vary: "Accept-Encoding"
access-control-allow-methods: "GET, OPTIONS"
access-control-allow-headers: "Content-Type, Depth, User-Agent, X-File-Size, X-Requested-With, If-Modified-Since, X-File-Name, Cache-Control, Authorization, Accept, Accept-Encoding, Accept-Language, Access-Control-Request-Headers, Access-Control-Request-Method, Connection, Host, Origin, User-Agent"
access-control-allow-credentials: "true"
I, [2014-01-01T09:58:43.121888 #65958]  INFO -- : get https://toggl.com/reports/api/v2/summary?workspace_id=73540&user_agent=toggl-reports&since=2013-12-01&until=2013-12-31
D, [2014-01-01T09:58:43.122209 #65958] DEBUG -- request: Content-Type: "application/json"
Authorization: "Basic NDU1MDVmMjY5Mjk2MzRjZjljYTg5NGVjZTMzMDYxMjc6YXBpX3Rva2Vu"
User-Agent: "Faraday v0.8.8"
I, [2014-01-01T09:58:43.122392 #65958]  INFO -- Status: 200
D, [2014-01-01T09:58:43.122611 #65958] DEBUG -- response: server: "nginx/1.4.4"
date: "Wed, 01 Jan 2014 17:58:42 GMT"
content-type: "application/json"
transfer-encoding: "chunked"
connection: "close"
vary: "Accept-Encoding"
access-control-allow-methods: "GET, OPTIONS"
access-control-allow-headers: "Content-Type, Depth, User-Agent, X-File-Size, X-Requested-With, If-Modified-Since, X-File-Name, Cache-Control, Authorization, Accept, Accept-Encoding, Accept-Language, Access-Control-Request-Headers, Access-Control-Request-Method, Connection, Host, Origin, User-Agent"
access-control-allow-credentials: "true"
I, [2014-01-01T09:59:07.383067 #65980]  INFO -- : get https://toggl.com/reports/api/v2/summary?workspace_id=73540&user_agent=toggl-reports&since=2013-12-01&until=2013-12-31
D, [2014-01-01T09:59:07.384323 #65980] DEBUG -- request: Content-Type: "application/json"
Authorization: "Basic NDU1MDVmMjY5Mjk2MzRjZjljYTg5NGVjZTMzMDYxMjc6YXBpX3Rva2Vu"
User-Agent: "Faraday v0.8.8"
I, [2014-01-01T09:59:07.384509 #65980]  INFO -- Status: 200
D, [2014-01-01T09:59:07.384676 #65980] DEBUG -- response: server: "nginx/1.4.4"
date: "Wed, 01 Jan 2014 17:59:07 GMT"
content-type: "application/json"
transfer-encoding: "chunked"
connection: "close"
vary: "Accept-Encoding"
access-control-allow-methods: "GET, OPTIONS"
access-control-allow-headers: "Content-Type, Depth, User-Agent, X-File-Size, X-Requested-With, If-Modified-Since, X-File-Name, Cache-Control, Authorization, Accept, Accept-Encoding, Accept-Language, Access-Control-Request-Headers, Access-Control-Request-Method, Connection, Host, Origin, User-Agent"
access-control-allow-credentials: "true"
I, [2014-01-01T10:00:11.127331 #66032]  INFO -- : get https://toggl.com/reports/api/v2/summary?workspace_id=73540&user_agent=toggl-reports&since=2013-12-01&until=2013-12-31
D, [2014-01-01T10:00:11.128320 #66032] DEBUG -- request: Content-Type: "application/json"
Authorization: "Basic NDU1MDVmMjY5Mjk2MzRjZjljYTg5NGVjZTMzMDYxMjc6YXBpX3Rva2Vu"
User-Agent: "Faraday v0.8.8"
I, [2014-01-01T10:00:11.128465 #66032]  INFO -- Status: 200
D, [2014-01-01T10:00:11.128613 #66032] DEBUG -- response: server: "nginx/1.4.4"
date: "Wed, 01 Jan 2014 18:00:10 GMT"
content-type: "application/json"
transfer-encoding: "chunked"
connection: "close"
vary: "Accept-Encoding"
access-control-allow-methods: "GET, OPTIONS"
access-control-allow-headers: "Content-Type, Depth, User-Agent, X-File-Size, X-Requested-With, If-Modified-Since, X-File-Name, Cache-Control, Authorization, Accept, Accept-Encoding, Accept-Language, Access-Control-Request-Headers, Access-Control-Request-Method, Connection, Host, Origin, User-Agent"
access-control-allow-credentials: "true"
I, [2014-01-01T10:01:12.088846 #66071]  INFO -- : get https://toggl.com/reports/api/v2/summary?workspace_id=73540&user_agent=toggl-reports&since=2013-12-01&until=2013-12-31
D, [2014-01-01T10:01:12.089963 #66071] DEBUG -- request: Content-Type: "application/json"
Authorization: "Basic NDU1MDVmMjY5Mjk2MzRjZjljYTg5NGVjZTMzMDYxMjc6YXBpX3Rva2Vu"
User-Agent: "Faraday v0.8.8"
I, [2014-01-01T10:01:12.090108 #66071]  INFO -- Status: 200
D, [2014-01-01T10:01:12.090256 #66071] DEBUG -- response: server: "nginx/1.4.4"
date: "Wed, 01 Jan 2014 18:01:11 GMT"
content-type: "application/json"
transfer-encoding: "chunked"
connection: "close"
vary: "Accept-Encoding"
access-control-allow-methods: "GET, OPTIONS"
access-control-allow-headers: "Content-Type, Depth, User-Agent, X-File-Size, X-Requested-With, If-Modified-Since, X-File-Name, Cache-Control, Authorization, Accept, Accept-Encoding, Accept-Language, Access-Control-Request-Headers, Access-Control-Request-Method, Connection, Host, Origin, User-Agent"
access-control-allow-credentials: "true"
I, [2014-01-01T10:01:19.797455 #66088]  INFO -- : get https://toggl.com/reports/api/v2/summary?workspace_id=73540&user_agent=toggl-reports&since=2013-12-01&until=2013-12-31
D, [2014-01-01T10:01:19.798573 #66088] DEBUG -- request: Content-Type: "application/json"
Authorization: "Basic NDU1MDVmMjY5Mjk2MzRjZjljYTg5NGVjZTMzMDYxMjc6YXBpX3Rva2Vu"
User-Agent: "Faraday v0.8.8"
I, [2014-01-01T10:01:19.798715 #66088]  INFO -- Status: 200
D, [2014-01-01T10:01:19.798862 #66088] DEBUG -- response: server: "nginx/1.4.4"
date: "Wed, 01 Jan 2014 18:01:19 GMT"
content-type: "application/json"
transfer-encoding: "chunked"
connection: "close"
vary: "Accept-Encoding"
access-control-allow-methods: "GET, OPTIONS"
access-control-allow-headers: "Content-Type, Depth, User-Agent, X-File-Size, X-Requested-With, If-Modified-Since, X-File-Name, Cache-Control, Authorization, Accept, Accept-Encoding, Accept-Language, Access-Control-Request-Headers, Access-Control-Request-Method, Connection, Host, Origin, User-Agent"
access-control-allow-credentials: "true"
I, [2014-01-01T10:01:52.155527 #66113]  INFO -- : get https://toggl.com/reports/api/v2/summary?workspace_id=73540&user_agent=toggl-reports&since=2013-12-01&until=2013-12-31
D, [2014-01-01T10:01:52.156761 #66113] DEBUG -- request: Content-Type: "application/json"
Authorization: "Basic NDU1MDVmMjY5Mjk2MzRjZjljYTg5NGVjZTMzMDYxMjc6YXBpX3Rva2Vu"
User-Agent: "Faraday v0.8.8"
I, [2014-01-01T10:01:52.156940 #66113]  INFO -- Status: 200
D, [2014-01-01T10:01:52.157093 #66113] DEBUG -- response: server: "nginx/1.4.4"
date: "Wed, 01 Jan 2014 18:01:52 GMT"
content-type: "application/json"
transfer-encoding: "chunked"
connection: "close"
vary: "Accept-Encoding"
access-control-allow-methods: "GET, OPTIONS"
access-control-allow-headers: "Content-Type, Depth, User-Agent, X-File-Size, X-Requested-With, If-Modified-Since, X-File-Name, Cache-Control, Authorization, Accept, Accept-Encoding, Accept-Language, Access-Control-Request-Headers, Access-Control-Request-Method, Connection, Host, Origin, User-Agent"
access-control-allow-credentials: "true"
I, [2014-01-01T10:02:25.185358 #66141]  INFO -- : get https://toggl.com/reports/api/v2/summary?workspace_id=73540&user_agent=toggl-reports&since=2013-12-01&until=2013-12-31
D, [2014-01-01T10:02:25.186395 #66141] DEBUG -- request: Content-Type: "application/json"
Authorization: "Basic NDU1MDVmMjY5Mjk2MzRjZjljYTg5NGVjZTMzMDYxMjc6YXBpX3Rva2Vu"
User-Agent: "Faraday v0.8.8"
I, [2014-01-01T10:02:25.186544 #66141]  INFO -- Status: 200
D, [2014-01-01T10:02:25.186693 #66141] DEBUG -- response: server: "nginx/1.4.4"
date: "Wed, 01 Jan 2014 18:02:25 GMT"
content-type: "application/json"
transfer-encoding: "chunked"
connection: "close"
vary: "Accept-Encoding"
access-control-allow-methods: "GET, OPTIONS"
access-control-allow-headers: "Content-Type, Depth, User-Agent, X-File-Size, X-Requested-With, If-Modified-Since, X-File-Name, Cache-Control, Authorization, Accept, Accept-Encoding, Accept-Language, Access-Control-Request-Headers, Access-Control-Request-Method, Connection, Host, Origin, User-Agent"
access-control-allow-credentials: "true"
I, [2014-01-01T10:05:43.689519 #66243]  INFO -- : get https://toggl.com/reports/api/v2/summary?workspace_id=73540&user_agent=toggl-reports&since=2013-12-01&until=2013-12-31
D, [2014-01-01T10:05:43.690112 #66243] DEBUG -- request: Content-Type: "application/json"
Authorization: "Basic NDU1MDVmMjY5Mjk2MzRjZjljYTg5NGVjZTMzMDYxMjc6YXBpX3Rva2Vu"
User-Agent: "Faraday v0.8.8"
I, [2014-01-01T10:05:43.690248 #66243]  INFO -- Status: 200
D, [2014-01-01T10:05:43.690399 #66243] DEBUG -- response: server: "nginx/1.4.4"
date: "Wed, 01 Jan 2014 18:05:43 GMT"
content-type: "application/json"
transfer-encoding: "chunked"
connection: "close"
vary: "Accept-Encoding"
access-control-allow-methods: "GET, OPTIONS"
access-control-allow-headers: "Content-Type, Depth, User-Agent, X-File-Size, X-Requested-With, If-Modified-Since, X-File-Name, Cache-Control, Authorization, Accept, Accept-Encoding, Accept-Language, Access-Control-Request-Headers, Access-Control-Request-Method, Connection, Host, Origin, User-Agent"
access-control-allow-credentials: "true"
I, [2014-01-01T10:06:19.707586 #66271]  INFO -- : get https://toggl.com/reports/api/v2/summary?workspace_id=73540&user_agent=toggl-reports&since=2013-12-01&until=2013-12-31
D, [2014-01-01T10:06:19.708142 #66271] DEBUG -- request: Content-Type: "application/json"
Authorization: "Basic NDU1MDVmMjY5Mjk2MzRjZjljYTg5NGVjZTMzMDYxMjc6YXBpX3Rva2Vu"
User-Agent: "Faraday v0.8.8"
I, [2014-01-01T10:06:19.708276 #66271]  INFO -- Status: 200
D, [2014-01-01T10:06:19.708425 #66271] DEBUG -- response: server: "nginx/1.4.4"
date: "Wed, 01 Jan 2014 18:06:19 GMT"
content-type: "application/json"
transfer-encoding: "chunked"
connection: "close"
vary: "Accept-Encoding"
access-control-allow-methods: "GET, OPTIONS"
access-control-allow-headers: "Content-Type, Depth, User-Agent, X-File-Size, X-Requested-With, If-Modified-Since, X-File-Name, Cache-Control, Authorization, Accept, Accept-Encoding, Accept-Language, Access-Control-Request-Headers, Access-Control-Request-Method, Connection, Host, Origin, User-Agent"
access-control-allow-credentials: "true"
I, [2014-01-01T10:06:38.064917 #66291]  INFO -- : get https://toggl.com/reports/api/v2/summary?workspace_id=73540&user_agent=toggl-reports&since=2013-12-01&until=2013-12-31
D, [2014-01-01T10:06:38.065660 #66291] DEBUG -- request: Content-Type: "application/json"
Authorization: "Basic NDU1MDVmMjY5Mjk2MzRjZjljYTg5NGVjZTMzMDYxMjc6YXBpX3Rva2Vu"
User-Agent: "Faraday v0.8.8"
I, [2014-01-01T10:06:38.065830 #66291]  INFO -- Status: 200
D, [2014-01-01T10:06:38.065975 #66291] DEBUG -- response: server: "nginx/1.4.4"
date: "Wed, 01 Jan 2014 18:06:37 GMT"
content-type: "application/json"
transfer-encoding: "chunked"
connection: "close"
vary: "Accept-Encoding"
access-control-allow-methods: "GET, OPTIONS"
access-control-allow-headers: "Content-Type, Depth, User-Agent, X-File-Size, X-Requested-With, If-Modified-Since, X-File-Name, Cache-Control, Authorization, Accept, Accept-Encoding, Accept-Language, Access-Control-Request-Headers, Access-Control-Request-Method, Connection, Host, Origin, User-Agent"
access-control-allow-credentials: "true"
I, [2014-01-01T10:06:51.180635 #66309]  INFO -- : get https://toggl.com/reports/api/v2/summary?workspace_id=73540&user_agent=toggl-reports&since=2013-12-01&until=2013-12-31
D, [2014-01-01T10:06:51.181940 #66309] DEBUG -- request: Content-Type: "application/json"
Authorization: "Basic NDU1MDVmMjY5Mjk2MzRjZjljYTg5NGVjZTMzMDYxMjc6YXBpX3Rva2Vu"
User-Agent: "Faraday v0.8.8"
I, [2014-01-01T10:06:51.182182 #66309]  INFO -- Status: 200
D, [2014-01-01T10:06:51.182392 #66309] DEBUG -- response: server: "nginx/1.4.4"
date: "Wed, 01 Jan 2014 18:06:51 GMT"
content-type: "application/json"
transfer-encoding: "chunked"
connection: "close"
vary: "Accept-Encoding"
access-control-allow-methods: "GET, OPTIONS"
access-control-allow-headers: "Content-Type, Depth, User-Agent, X-File-Size, X-Requested-With, If-Modified-Since, X-File-Name, Cache-Control, Authorization, Accept, Accept-Encoding, Accept-Language, Access-Control-Request-Headers, Access-Control-Request-Method, Connection, Host, Origin, User-Agent"
access-control-allow-credentials: "true"
I, [2014-01-01T10:06:59.250111 #66325]  INFO -- : get https://toggl.com/reports/api/v2/summary?workspace_id=73540&user_agent=toggl-reports&since=2013-12-01&until=2013-12-31
D, [2014-01-01T10:06:59.250750 #66325] DEBUG -- request: Content-Type: "application/json"
Authorization: "Basic NDU1MDVmMjY5Mjk2MzRjZjljYTg5NGVjZTMzMDYxMjc6YXBpX3Rva2Vu"
User-Agent: "Faraday v0.8.8"
I, [2014-01-01T10:06:59.250904 #66325]  INFO -- Status: 200
D, [2014-01-01T10:06:59.251058 #66325] DEBUG -- response: server: "nginx/1.4.4"
date: "Wed, 01 Jan 2014 18:06:59 GMT"
content-type: "application/json"
transfer-encoding: "chunked"
connection: "close"
vary: "Accept-Encoding"
access-control-allow-methods: "GET, OPTIONS"
access-control-allow-headers: "Content-Type, Depth, User-Agent, X-File-Size, X-Requested-With, If-Modified-Since, X-File-Name, Cache-Control, Authorization, Accept, Accept-Encoding, Accept-Language, Access-Control-Request-Headers, Access-Control-Request-Method, Connection, Host, Origin, User-Agent"
access-control-allow-credentials: "true"
I, [2014-01-01T10:10:12.722594 #66443]  INFO -- : get https://toggl.com/reports/api/v2/summary?workspace_id=73540&user_agent=toggl-reports&since=2013-12-01&until=2013-12-31
D, [2014-01-01T10:10:12.723596 #66443] DEBUG -- request: Content-Type: "application/json"
Authorization: "Basic NDU1MDVmMjY5Mjk2MzRjZjljYTg5NGVjZTMzMDYxMjc6YXBpX3Rva2Vu"
User-Agent: "Faraday v0.8.8"
I, [2014-01-01T10:10:12.723773 #66443]  INFO -- Status: 200
D, [2014-01-01T10:10:12.723929 #66443] DEBUG -- response: server: "nginx/1.4.4"
date: "Wed, 01 Jan 2014 18:10:12 GMT"
content-type: "application/json"
transfer-encoding: "chunked"
connection: "close"
vary: "Accept-Encoding"
access-control-allow-methods: "GET, OPTIONS"
access-control-allow-headers: "Content-Type, Depth, User-Agent, X-File-Size, X-Requested-With, If-Modified-Since, X-File-Name, Cache-Control, Authorization, Accept, Accept-Encoding, Accept-Language, Access-Control-Request-Headers, Access-Control-Request-Method, Connection, Host, Origin, User-Agent"
access-control-allow-credentials: "true"
I, [2014-01-01T10:12:41.262277 #66561]  INFO -- : get https://toggl.com/reports/api/v2/summary?workspace_id=73540&user_agent=toggl-reports&since=2013-12-01&until=2013-12-31
D, [2014-01-01T10:12:41.263401 #66561] DEBUG -- request: Content-Type: "application/json"
Authorization: "Basic NDU1MDVmMjY5Mjk2MzRjZjljYTg5NGVjZTMzMDYxMjc6YXBpX3Rva2Vu"
User-Agent: "Faraday v0.8.8"
I, [2014-01-01T10:12:41.263604 #66561]  INFO -- Status: 200
D, [2014-01-01T10:12:41.263808 #66561] DEBUG -- response: server: "nginx/1.4.4"
date: "Wed, 01 Jan 2014 18:12:41 GMT"
content-type: "application/json"
transfer-encoding: "chunked"
connection: "close"
vary: "Accept-Encoding"
access-control-allow-methods: "GET, OPTIONS"
access-control-allow-headers: "Content-Type, Depth, User-Agent, X-File-Size, X-Requested-With, If-Modified-Since, X-File-Name, Cache-Control, Authorization, Accept, Accept-Encoding, Accept-Language, Access-Control-Request-Headers, Access-Control-Request-Method, Connection, Host, Origin, User-Agent"
access-control-allow-credentials: "true"
I, [2014-01-01T10:12:50.587300 #66579]  INFO -- : get https://toggl.com/reports/api/v2/summary?workspace_id=73540&user_agent=toggl-reports&since=2013-12-01&until=2013-12-31
D, [2014-01-01T10:12:50.587596 #66579] DEBUG -- request: Content-Type: "application/json"
Authorization: "Basic NDU1MDVmMjY5Mjk2MzRjZjljYTg5NGVjZTMzMDYxMjc6YXBpX3Rva2Vu"
User-Agent: "Faraday v0.8.8"
I, [2014-01-01T10:12:50.587724 #66579]  INFO -- Status: 200
D, [2014-01-01T10:12:50.587875 #66579] DEBUG -- response: server: "nginx/1.4.4"
date: "Wed, 01 Jan 2014 18:12:50 GMT"
content-type: "application/json"
transfer-encoding: "chunked"
connection: "close"
vary: "Accept-Encoding"
access-control-allow-methods: "GET, OPTIONS"
access-control-allow-headers: "Content-Type, Depth, User-Agent, X-File-Size, X-Requested-With, If-Modified-Since, X-File-Name, Cache-Control, Authorization, Accept, Accept-Encoding, Accept-Language, Access-Control-Request-Headers, Access-Control-Request-Method, Connection, Host, Origin, User-Agent"
access-control-allow-credentials: "true"
I, [2014-01-01T10:13:05.851889 #66598]  INFO -- : get https://toggl.com/reports/api/v2/summary?workspace_id=73540&user_agent=toggl-reports&since=2013-12-01&until=2013-12-31
D, [2014-01-01T10:13:05.852982 #66598] DEBUG -- request: Content-Type: "application/json"
Authorization: "Basic NDU1MDVmMjY5Mjk2MzRjZjljYTg5NGVjZTMzMDYxMjc6YXBpX3Rva2Vu"
User-Agent: "Faraday v0.8.8"
I, [2014-01-01T10:13:05.853152 #66598]  INFO -- Status: 200
D, [2014-01-01T10:13:05.853301 #66598] DEBUG -- response: server: "nginx/1.4.4"
date: "Wed, 01 Jan 2014 18:13:05 GMT"
content-type: "application/json"
transfer-encoding: "chunked"
connection: "close"
vary: "Accept-Encoding"
access-control-allow-methods: "GET, OPTIONS"
access-control-allow-headers: "Content-Type, Depth, User-Agent, X-File-Size, X-Requested-With, If-Modified-Since, X-File-Name, Cache-Control, Authorization, Accept, Accept-Encoding, Accept-Language, Access-Control-Request-Headers, Access-Control-Request-Method, Connection, Host, Origin, User-Agent"
access-control-allow-credentials: "true"
I, [2014-01-01T10:13:23.828514 #66618]  INFO -- : get https://toggl.com/reports/api/v2/summary?workspace_id=73540&user_agent=toggl-reports&since=2013-12-01&until=2013-12-31
D, [2014-01-01T10:13:23.829685 #66618] DEBUG -- request: Content-Type: "application/json"
Authorization: "Basic NDU1MDVmMjY5Mjk2MzRjZjljYTg5NGVjZTMzMDYxMjc6YXBpX3Rva2Vu"
User-Agent: "Faraday v0.8.8"
I, [2014-01-01T10:13:23.829825 #66618]  INFO -- Status: 200
D, [2014-01-01T10:13:23.829981 #66618] DEBUG -- response: server: "nginx/1.4.4"
date: "Wed, 01 Jan 2014 18:13:23 GMT"
content-type: "application/json"
transfer-encoding: "chunked"
connection: "close"
vary: "Accept-Encoding"
access-control-allow-methods: "GET, OPTIONS"
access-control-allow-headers: "Content-Type, Depth, User-Agent, X-File-Size, X-Requested-With, If-Modified-Since, X-File-Name, Cache-Control, Authorization, Accept, Accept-Encoding, Accept-Language, Access-Control-Request-Headers, Access-Control-Request-Method, Connection, Host, Origin, User-Agent"
access-control-allow-credentials: "true"
